<?xml version="1.0" encoding="UTF-8"?>
<!-- Generated by org.testng.reporters.JUnitXMLReporter -->
<testsuite ignored="0" hostname="ATMECSINLT-601" failures="0" tests="5" name="Default test" time="71.351" errors="0" timestamp="2020-09-29T20:05:56 IST">
  <testcase classname="com.atmecs.demo_automation.tests.Registration" name="registration" time="1.81"/>
  <testcase classname="com.atmecs.demo_automation.tests.Registration" name="registration" time="1.719"/>
  <testcase classname="com.atmecs.demo_automation.tests.Registration" name="registration" time="1.692"/>
  <testcase classname="com.atmecs.demo_automation.tests.Registration" name="registration" time="1.739"/>
  <testcase classname="com.atmecs.demo_automation.tests.Registration" name="registration" time="1.818"/>
</testsuite> <!-- Default test -->
