<?xml version="1.0" encoding="UTF-8"?>
<!-- Generated by org.testng.reporters.JUnitXMLReporter -->
<testsuite ignored="0" hostname="ATMECSINLT-601" failures="0" tests="5" name="Default test" time="94.791" errors="0" timestamp="2020-10-01T14:42:27 IST">
  <testcase classname="com.atmecs.demo_automation.tests.Registration" name="registration" time="1.739"/>
  <testcase classname="com.atmecs.demo_automation.tests.Registration" name="registration" time="1.659"/>
  <testcase classname="com.atmecs.demo_automation.tests.Registration" name="registration" time="2.184"/>
  <testcase classname="com.atmecs.demo_automation.tests.Registration" name="registration" time="1.736"/>
  <testcase classname="com.atmecs.demo_automation.tests.Registration" name="registration" time="1.575"/>
</testsuite> <!-- Default test -->
