<?xml version="1.0" encoding="UTF-8"?>
<!-- Generated by org.testng.reporters.JUnitXMLReporter -->
<testsuite ignored="0" hostname="ATMECSINLT-601" failures="0" tests="6" name="Test" time="102.933" errors="0" timestamp="2020-09-30T18:19:22 IST">
  <testcase classname="com.atmecs.demo_automation.tests.HandlingIconWindows" name="handlingIconWindows" time="14.355"/>
  <testcase classname="com.atmecs.demo_automation.tests.Registration" name="registration" time="1.886"/>
  <testcase classname="com.atmecs.demo_automation.tests.Registration" name="registration" time="1.828"/>
  <testcase classname="com.atmecs.demo_automation.tests.Registration" name="registration" time="1.79"/>
  <testcase classname="com.atmecs.demo_automation.tests.Registration" name="registration" time="1.85"/>
  <testcase classname="com.atmecs.demo_automation.tests.Registration" name="registration" time="1.987"/>
</testsuite> <!-- Test -->
