<?xml version="1.0" encoding="UTF-8"?>
<!-- Generated by org.testng.reporters.JUnitXMLReporter -->
<testsuite ignored="0" hostname="ATMECSINLT-601" failures="0" tests="6" name="test" time="118.168" errors="0" timestamp="2020-10-06T12:00:10 IST">
  <testcase classname="com.atmecs.demo_automation.tests.HandlingIconWindows" name="handlingIconWindows" time="12.659"/>
  <testcase classname="com.atmecs.demo_automation.tests.Registration" name="registration" time="1.95"/>
  <testcase classname="com.atmecs.demo_automation.tests.Registration" name="registration" time="1.807"/>
  <testcase classname="com.atmecs.demo_automation.tests.Registration" name="registration" time="2.368"/>
  <testcase classname="com.atmecs.demo_automation.tests.Registration" name="registration" time="1.74"/>
  <testcase classname="com.atmecs.demo_automation.tests.Registration" name="registration" time="1.749"/>
</testsuite> <!-- test -->
