<?xml version="1.0" encoding="UTF-8"?>
<testng-results ignored="0" total="6" passed="6" failed="0" skipped="0">
  <reporter-output>
  </reporter-output>
  <suite started-at="2020-09-29T12:10:10 IST" name="Suite" finished-at="2020-09-29T12:12:13 IST" duration-ms="122746">
    <groups>
    </groups>
    <test started-at="2020-09-29T12:10:10 IST" name="Test" finished-at="2020-09-29T12:12:13 IST" duration-ms="122746">
      <class name="com.atmecs.demo_automation.tests.HandlingIconWindows">
        <test-method is-config="true" signature="beforeTest()[pri:0, instance:com.atmecs.demo_automation.tests.HandlingIconWindows@670002]" started-at="2020-09-29T12:10:10 IST" name="beforeTest" finished-at="2020-09-29T12:10:20 IST" duration-ms="9991" status="PASS">
          <reporter-output>
          </reporter-output>
        </test-method> <!-- beforeTest -->
        <test-method signature="handlingIconWindows()[pri:0, instance:com.atmecs.demo_automation.tests.HandlingIconWindows@670002]" started-at="2020-09-29T12:10:20 IST" name="handlingIconWindows" finished-at="2020-09-29T12:10:50 IST" duration-ms="29857" status="PASS">
          <reporter-output>
          </reporter-output>
        </test-method> <!-- handlingIconWindows -->
        <test-method is-config="true" signature="afterTest()[pri:0, instance:com.atmecs.demo_automation.tests.HandlingIconWindows@670002]" started-at="2020-09-29T12:10:50 IST" name="afterTest" finished-at="2020-09-29T12:10:50 IST" duration-ms="75" status="PASS">
          <reporter-output>
          </reporter-output>
        </test-method> <!-- afterTest -->
      </class> <!-- com.atmecs.demo_automation.tests.HandlingIconWindows -->
      <class name="com.atmecs.demo_automation.tests.Registration">
        <test-method is-config="true" signature="beforeTest()[pri:0, instance:com.atmecs.demo_automation.tests.Registration@1f0f1111]" started-at="2020-09-29T12:10:51 IST" name="beforeTest" finished-at="2020-09-29T12:11:02 IST" duration-ms="11481" status="PASS">
          <reporter-output>
          </reporter-output>
        </test-method> <!-- beforeTest -->
        <test-method signature="registration(java.lang.String, java.lang.String, java.lang.String, java.lang.String, java.lang.String, java.lang.String, java.lang.String)[pri:0, instance:com.atmecs.demo_automation.tests.Registration@1f0f1111]" started-at="2020-09-29T12:11:02 IST" name="registration" data-provider="readData" finished-at="2020-09-29T12:11:05 IST" duration-ms="2760" status="PASS">
          <params>
            <param index="0">
              <value>
                <![CDATA[Shane]]>
              </value>
            </param>
            <param index="1">
              <value>
                <![CDATA[Alfin]]>
              </value>
            </param>
            <param index="2">
              <value>
                <![CDATA[136/3A adha]]>
              </value>
            </param>
            <param index="3">
              <value>
                <![CDATA[shanealfin720@gmail.com]]>
              </value>
            </param>
            <param index="4">
              <value>
                <![CDATA[8.732843748E9]]>
              </value>
            </param>
            <param index="5">
              <value>
                <![CDATA[alfinxavier.a]]>
              </value>
            </param>
            <param index="6">
              <value>
                <![CDATA[alfinxavier.a]]>
              </value>
            </param>
          </params>
          <reporter-output>
          </reporter-output>
        </test-method> <!-- registration -->
        <test-method is-config="true" signature="afterTest()[pri:0, instance:com.atmecs.demo_automation.tests.Registration@1f0f1111]" started-at="2020-09-29T12:11:05 IST" name="afterTest" finished-at="2020-09-29T12:11:07 IST" duration-ms="1698" status="PASS">
          <reporter-output>
          </reporter-output>
        </test-method> <!-- afterTest -->
        <test-method is-config="true" signature="beforeTest()[pri:0, instance:com.atmecs.demo_automation.tests.Registration@1f0f1111]" started-at="2020-09-29T12:11:07 IST" name="beforeTest" finished-at="2020-09-29T12:11:16 IST" duration-ms="9618" status="PASS">
          <reporter-output>
          </reporter-output>
        </test-method> <!-- beforeTest -->
        <test-method signature="registration(java.lang.String, java.lang.String, java.lang.String, java.lang.String, java.lang.String, java.lang.String, java.lang.String)[pri:0, instance:com.atmecs.demo_automation.tests.Registration@1f0f1111]" started-at="2020-09-29T12:11:16 IST" name="registration" data-provider="readData" finished-at="2020-09-29T12:11:18 IST" duration-ms="2301" status="PASS">
          <params>
            <param index="0">
              <value>
                <![CDATA[Alfin]]>
              </value>
            </param>
            <param index="1">
              <value>
                <![CDATA[Xavier]]>
              </value>
            </param>
            <param index="2">
              <value>
                <![CDATA[23/ashfas]]>
              </value>
            </param>
            <param index="3">
              <value>
                <![CDATA[alfin.anthonyraj@atmecs.com]]>
              </value>
            </param>
            <param index="4">
              <value>
                <![CDATA[8.473848374E9]]>
              </value>
            </param>
            <param index="5">
              <value>
                <![CDATA[aldjd]]>
              </value>
            </param>
            <param index="6">
              <value>
                <![CDATA[aldjd]]>
              </value>
            </param>
          </params>
          <reporter-output>
          </reporter-output>
        </test-method> <!-- registration -->
        <test-method is-config="true" signature="afterTest()[pri:0, instance:com.atmecs.demo_automation.tests.Registration@1f0f1111]" started-at="2020-09-29T12:11:18 IST" name="afterTest" finished-at="2020-09-29T12:11:23 IST" duration-ms="4240" status="PASS">
          <reporter-output>
          </reporter-output>
        </test-method> <!-- afterTest -->
        <test-method is-config="true" signature="beforeTest()[pri:0, instance:com.atmecs.demo_automation.tests.Registration@1f0f1111]" started-at="2020-09-29T12:11:23 IST" name="beforeTest" finished-at="2020-09-29T12:11:34 IST" duration-ms="11764" status="PASS">
          <reporter-output>
          </reporter-output>
        </test-method> <!-- beforeTest -->
        <test-method signature="registration(java.lang.String, java.lang.String, java.lang.String, java.lang.String, java.lang.String, java.lang.String, java.lang.String)[pri:0, instance:com.atmecs.demo_automation.tests.Registration@1f0f1111]" started-at="2020-09-29T12:11:34 IST" name="registration" data-provider="readData" finished-at="2020-09-29T12:11:36 IST" duration-ms="1616" status="PASS">
          <params>
            <param index="0">
              <value>
                <![CDATA[abc]]>
              </value>
            </param>
            <param index="1">
              <value>
                <![CDATA[abc]]>
              </value>
            </param>
            <param index="2">
              <value>
                <![CDATA[2374/shd]]>
              </value>
            </param>
            <param index="3">
              <value>
                <![CDATA[abc@gmail.com]]>
              </value>
            </param>
            <param index="4">
              <value>
                <![CDATA[8.457382473E9]]>
              </value>
            </param>
            <param index="5">
              <value>
                <![CDATA[shfhj]]>
              </value>
            </param>
            <param index="6">
              <value>
                <![CDATA[shfhj]]>
              </value>
            </param>
          </params>
          <reporter-output>
          </reporter-output>
        </test-method> <!-- registration -->
        <test-method is-config="true" signature="afterTest()[pri:0, instance:com.atmecs.demo_automation.tests.Registration@1f0f1111]" started-at="2020-09-29T12:11:36 IST" name="afterTest" finished-at="2020-09-29T12:11:40 IST" duration-ms="4318" status="PASS">
          <reporter-output>
          </reporter-output>
        </test-method> <!-- afterTest -->
        <test-method is-config="true" signature="beforeTest()[pri:0, instance:com.atmecs.demo_automation.tests.Registration@1f0f1111]" started-at="2020-09-29T12:11:40 IST" name="beforeTest" finished-at="2020-09-29T12:11:51 IST" duration-ms="10539" status="PASS">
          <reporter-output>
          </reporter-output>
        </test-method> <!-- beforeTest -->
        <test-method signature="registration(java.lang.String, java.lang.String, java.lang.String, java.lang.String, java.lang.String, java.lang.String, java.lang.String)[pri:0, instance:com.atmecs.demo_automation.tests.Registration@1f0f1111]" started-at="2020-09-29T12:11:51 IST" name="registration" data-provider="readData" finished-at="2020-09-29T12:11:52 IST" duration-ms="1530" status="PASS">
          <params>
            <param index="0">
              <value>
                <![CDATA[bgd]]>
              </value>
            </param>
            <param index="1">
              <value>
                <![CDATA[bgd]]>
              </value>
            </param>
            <param index="2">
              <value>
                <![CDATA[zdafhgsdh]]>
              </value>
            </param>
            <param index="3">
              <value>
                <![CDATA[bgd@gmail.com]]>
              </value>
            </param>
            <param index="4">
              <value>
                <![CDATA[8.745389843E9]]>
              </value>
            </param>
            <param index="5">
              <value>
                <![CDATA[kjhg]]>
              </value>
            </param>
            <param index="6">
              <value>
                <![CDATA[kjhg]]>
              </value>
            </param>
          </params>
          <reporter-output>
          </reporter-output>
        </test-method> <!-- registration -->
        <test-method is-config="true" signature="afterTest()[pri:0, instance:com.atmecs.demo_automation.tests.Registration@1f0f1111]" started-at="2020-09-29T12:11:52 IST" name="afterTest" finished-at="2020-09-29T12:11:57 IST" duration-ms="4329" status="PASS">
          <reporter-output>
          </reporter-output>
        </test-method> <!-- afterTest -->
        <test-method is-config="true" signature="beforeTest()[pri:0, instance:com.atmecs.demo_automation.tests.Registration@1f0f1111]" started-at="2020-09-29T12:11:57 IST" name="beforeTest" finished-at="2020-09-29T12:12:07 IST" duration-ms="9741" status="PASS">
          <reporter-output>
          </reporter-output>
        </test-method> <!-- beforeTest -->
        <test-method signature="registration(java.lang.String, java.lang.String, java.lang.String, java.lang.String, java.lang.String, java.lang.String, java.lang.String)[pri:0, instance:com.atmecs.demo_automation.tests.Registration@1f0f1111]" started-at="2020-09-29T12:12:07 IST" name="registration" data-provider="readData" finished-at="2020-09-29T12:12:08 IST" duration-ms="1631" status="PASS">
          <params>
            <param index="0">
              <value>
                <![CDATA[mnl]]>
              </value>
            </param>
            <param index="1">
              <value>
                <![CDATA[mnl]]>
              </value>
            </param>
            <param index="2">
              <value>
                <![CDATA[sdjfh]]>
              </value>
            </param>
            <param index="3">
              <value>
                <![CDATA[mnl@gmail.com]]>
              </value>
            </param>
            <param index="4">
              <value>
                <![CDATA[9.845893987E9]]>
              </value>
            </param>
            <param index="5">
              <value>
                <![CDATA[hgf]]>
              </value>
            </param>
            <param index="6">
              <value>
                <![CDATA[hgf]]>
              </value>
            </param>
          </params>
          <reporter-output>
          </reporter-output>
        </test-method> <!-- registration -->
        <test-method is-config="true" signature="afterTest()[pri:0, instance:com.atmecs.demo_automation.tests.Registration@1f0f1111]" started-at="2020-09-29T12:12:08 IST" name="afterTest" finished-at="2020-09-29T12:12:13 IST" duration-ms="4325" status="PASS">
          <reporter-output>
          </reporter-output>
        </test-method> <!-- afterTest -->
      </class> <!-- com.atmecs.demo_automation.tests.Registration -->
    </test> <!-- Test -->
  </suite> <!-- Suite -->
</testng-results>
