<?xml version="1.0" encoding="UTF-8"?>
<testng-results ignored="0" total="5" passed="5" failed="0" skipped="0">
  <reporter-output>
  </reporter-output>
  <suite started-at="2020-10-01T14:40:53 IST" name="Default suite" finished-at="2020-10-01T14:42:27 IST" duration-ms="94791">
    <groups>
    </groups>
    <test started-at="2020-10-01T14:40:53 IST" name="Default test" finished-at="2020-10-01T14:42:27 IST" duration-ms="94791">
      <class name="com.atmecs.demo_automation.tests.Registration">
        <test-method is-config="true" signature="beforeTest()[pri:0, instance:com.atmecs.demo_automation.tests.Registration@1677d1]" started-at="2020-10-01T14:40:53 IST" name="beforeTest" finished-at="2020-10-01T14:41:09 IST" duration-ms="15650" status="PASS">
          <reporter-output>
          </reporter-output>
        </test-method> <!-- beforeTest -->
        <test-method signature="registration(java.lang.String, java.lang.String, java.lang.String, java.lang.String, java.lang.String, java.lang.String, java.lang.String)[pri:0, instance:com.atmecs.demo_automation.tests.Registration@1677d1]" started-at="2020-10-01T14:41:09 IST" name="registration" data-provider="readData" finished-at="2020-10-01T14:41:11 IST" duration-ms="1739" status="PASS">
          <params>
            <param index="0">
              <value>
                <![CDATA[Shane]]>
              </value>
            </param>
            <param index="1">
              <value>
                <![CDATA[Alfin]]>
              </value>
            </param>
            <param index="2">
              <value>
                <![CDATA[136/3A adha]]>
              </value>
            </param>
            <param index="3">
              <value>
                <![CDATA[shanealfin720@gmail.com]]>
              </value>
            </param>
            <param index="4">
              <value>
                <![CDATA[8.732843748E9]]>
              </value>
            </param>
            <param index="5">
              <value>
                <![CDATA[alfinxavier.a]]>
              </value>
            </param>
            <param index="6">
              <value>
                <![CDATA[alfinxavier.a]]>
              </value>
            </param>
          </params>
          <reporter-output>
          </reporter-output>
        </test-method> <!-- registration -->
        <test-method is-config="true" signature="afterTest()[pri:0, instance:com.atmecs.demo_automation.tests.Registration@1677d1]" started-at="2020-10-01T14:41:11 IST" name="afterTest" finished-at="2020-10-01T14:41:15 IST" duration-ms="4317" status="PASS">
          <reporter-output>
          </reporter-output>
        </test-method> <!-- afterTest -->
        <test-method is-config="true" signature="beforeTest()[pri:0, instance:com.atmecs.demo_automation.tests.Registration@1677d1]" started-at="2020-10-01T14:41:15 IST" name="beforeTest" finished-at="2020-10-01T14:41:27 IST" duration-ms="11880" status="PASS">
          <reporter-output>
          </reporter-output>
        </test-method> <!-- beforeTest -->
        <test-method signature="registration(java.lang.String, java.lang.String, java.lang.String, java.lang.String, java.lang.String, java.lang.String, java.lang.String)[pri:0, instance:com.atmecs.demo_automation.tests.Registration@1677d1]" started-at="2020-10-01T14:41:27 IST" name="registration" data-provider="readData" finished-at="2020-10-01T14:41:28 IST" duration-ms="1659" status="PASS">
          <params>
            <param index="0">
              <value>
                <![CDATA[Alfin]]>
              </value>
            </param>
            <param index="1">
              <value>
                <![CDATA[Xavier]]>
              </value>
            </param>
            <param index="2">
              <value>
                <![CDATA[23/ashfas]]>
              </value>
            </param>
            <param index="3">
              <value>
                <![CDATA[alfin.anthonyraj@atmecs.com]]>
              </value>
            </param>
            <param index="4">
              <value>
                <![CDATA[8.473848374E9]]>
              </value>
            </param>
            <param index="5">
              <value>
                <![CDATA[aldjd]]>
              </value>
            </param>
            <param index="6">
              <value>
                <![CDATA[aldjd]]>
              </value>
            </param>
          </params>
          <reporter-output>
          </reporter-output>
        </test-method> <!-- registration -->
        <test-method is-config="true" signature="afterTest()[pri:0, instance:com.atmecs.demo_automation.tests.Registration@1677d1]" started-at="2020-10-01T14:41:28 IST" name="afterTest" finished-at="2020-10-01T14:41:33 IST" duration-ms="4330" status="PASS">
          <reporter-output>
          </reporter-output>
        </test-method> <!-- afterTest -->
        <test-method is-config="true" signature="beforeTest()[pri:0, instance:com.atmecs.demo_automation.tests.Registration@1677d1]" started-at="2020-10-01T14:41:33 IST" name="beforeTest" finished-at="2020-10-01T14:41:45 IST" duration-ms="12477" status="PASS">
          <reporter-output>
          </reporter-output>
        </test-method> <!-- beforeTest -->
        <test-method signature="registration(java.lang.String, java.lang.String, java.lang.String, java.lang.String, java.lang.String, java.lang.String, java.lang.String)[pri:0, instance:com.atmecs.demo_automation.tests.Registration@1677d1]" started-at="2020-10-01T14:41:45 IST" name="registration" data-provider="readData" finished-at="2020-10-01T14:41:47 IST" duration-ms="2184" status="PASS">
          <params>
            <param index="0">
              <value>
                <![CDATA[abc]]>
              </value>
            </param>
            <param index="1">
              <value>
                <![CDATA[abc]]>
              </value>
            </param>
            <param index="2">
              <value>
                <![CDATA[2374/shd]]>
              </value>
            </param>
            <param index="3">
              <value>
                <![CDATA[abc@gmail.com]]>
              </value>
            </param>
            <param index="4">
              <value>
                <![CDATA[8.457382473E9]]>
              </value>
            </param>
            <param index="5">
              <value>
                <![CDATA[shfhj]]>
              </value>
            </param>
            <param index="6">
              <value>
                <![CDATA[shfhj]]>
              </value>
            </param>
          </params>
          <reporter-output>
          </reporter-output>
        </test-method> <!-- registration -->
        <test-method is-config="true" signature="afterTest()[pri:0, instance:com.atmecs.demo_automation.tests.Registration@1677d1]" started-at="2020-10-01T14:41:47 IST" name="afterTest" finished-at="2020-10-01T14:41:52 IST" duration-ms="4266" status="PASS">
          <reporter-output>
          </reporter-output>
        </test-method> <!-- afterTest -->
        <test-method is-config="true" signature="beforeTest()[pri:0, instance:com.atmecs.demo_automation.tests.Registration@1677d1]" started-at="2020-10-01T14:41:52 IST" name="beforeTest" finished-at="2020-10-01T14:42:03 IST" duration-ms="11524" status="PASS">
          <reporter-output>
          </reporter-output>
        </test-method> <!-- beforeTest -->
        <test-method signature="registration(java.lang.String, java.lang.String, java.lang.String, java.lang.String, java.lang.String, java.lang.String, java.lang.String)[pri:0, instance:com.atmecs.demo_automation.tests.Registration@1677d1]" started-at="2020-10-01T14:42:03 IST" name="registration" data-provider="readData" finished-at="2020-10-01T14:42:05 IST" duration-ms="1736" status="PASS">
          <params>
            <param index="0">
              <value>
                <![CDATA[bgd]]>
              </value>
            </param>
            <param index="1">
              <value>
                <![CDATA[bgd]]>
              </value>
            </param>
            <param index="2">
              <value>
                <![CDATA[zdafhgsdh]]>
              </value>
            </param>
            <param index="3">
              <value>
                <![CDATA[bgd@gmail.com]]>
              </value>
            </param>
            <param index="4">
              <value>
                <![CDATA[8.745389843E9]]>
              </value>
            </param>
            <param index="5">
              <value>
                <![CDATA[kjhg]]>
              </value>
            </param>
            <param index="6">
              <value>
                <![CDATA[kjhg]]>
              </value>
            </param>
          </params>
          <reporter-output>
          </reporter-output>
        </test-method> <!-- registration -->
        <test-method is-config="true" signature="afterTest()[pri:0, instance:com.atmecs.demo_automation.tests.Registration@1677d1]" started-at="2020-10-01T14:42:05 IST" name="afterTest" finished-at="2020-10-01T14:42:09 IST" duration-ms="4081" status="PASS">
          <reporter-output>
          </reporter-output>
        </test-method> <!-- afterTest -->
        <test-method is-config="true" signature="beforeTest()[pri:0, instance:com.atmecs.demo_automation.tests.Registration@1677d1]" started-at="2020-10-01T14:42:09 IST" name="beforeTest" finished-at="2020-10-01T14:42:21 IST" duration-ms="12385" status="PASS">
          <reporter-output>
          </reporter-output>
        </test-method> <!-- beforeTest -->
        <test-method signature="registration(java.lang.String, java.lang.String, java.lang.String, java.lang.String, java.lang.String, java.lang.String, java.lang.String)[pri:0, instance:com.atmecs.demo_automation.tests.Registration@1677d1]" started-at="2020-10-01T14:42:21 IST" name="registration" data-provider="readData" finished-at="2020-10-01T14:42:23 IST" duration-ms="1575" status="PASS">
          <params>
            <param index="0">
              <value>
                <![CDATA[mnl]]>
              </value>
            </param>
            <param index="1">
              <value>
                <![CDATA[mnl]]>
              </value>
            </param>
            <param index="2">
              <value>
                <![CDATA[sdjfh]]>
              </value>
            </param>
            <param index="3">
              <value>
                <![CDATA[mnl@gmail.com]]>
              </value>
            </param>
            <param index="4">
              <value>
                <![CDATA[9.845893987E9]]>
              </value>
            </param>
            <param index="5">
              <value>
                <![CDATA[hgf]]>
              </value>
            </param>
            <param index="6">
              <value>
                <![CDATA[hgf]]>
              </value>
            </param>
          </params>
          <reporter-output>
          </reporter-output>
        </test-method> <!-- registration -->
        <test-method is-config="true" signature="afterTest()[pri:0, instance:com.atmecs.demo_automation.tests.Registration@1677d1]" started-at="2020-10-01T14:42:23 IST" name="afterTest" finished-at="2020-10-01T14:42:27 IST" duration-ms="4326" status="PASS">
          <reporter-output>
          </reporter-output>
        </test-method> <!-- afterTest -->
      </class> <!-- com.atmecs.demo_automation.tests.Registration -->
    </test> <!-- Default test -->
  </suite> <!-- Default suite -->
</testng-results>
